[0.963s] Invoking command in '/home/aavjetson/Desktop/joy_teleop_ackerman': PYTHONPATH=/home/aavjetson/Desktop/joy_teleop_ackerman/build/joy_teleop_ackerman/prefix_override:/usr/lib/python3/dist-packages/colcon_core/task/python/colcon_distutils_commands:/home/aavjetson/Desktop/joy_teleop_ackerman/install/joy_teleop_ackerman/lib/python3.10/site-packages:${PYTHONPATH} /usr/bin/python3 -W ignore:setup.py install is deprecated -W ignore:easy_install command is deprecated setup.py egg_info --egg-base build/joy_teleop_ackerman build --build-base /home/aavjetson/Desktop/joy_teleop_ackerman/build/joy_teleop_ackerman/build install --record /home/aavjetson/Desktop/joy_teleop_ackerman/build/joy_teleop_ackerman/install.log --single-version-externally-managed install_data
[1.309s] running egg_info
[1.310s] writing build/joy_teleop_ackerman/joy_teleop_ackerman.egg-info/PKG-INFO
[1.310s] writing dependency_links to build/joy_teleop_ackerman/joy_teleop_ackerman.egg-info/dependency_links.txt
[1.310s] writing entry points to build/joy_teleop_ackerman/joy_teleop_ackerman.egg-info/entry_points.txt
[1.311s] writing requirements to build/joy_teleop_ackerman/joy_teleop_ackerman.egg-info/requires.txt
[1.311s] writing top-level names to build/joy_teleop_ackerman/joy_teleop_ackerman.egg-info/top_level.txt
[1.313s] reading manifest file 'build/joy_teleop_ackerman/joy_teleop_ackerman.egg-info/SOURCES.txt'
[1.317s] writing manifest file 'build/joy_teleop_ackerman/joy_teleop_ackerman.egg-info/SOURCES.txt'
[1.318s] running build
[1.318s] running build_py
[1.318s] copying joy_teleop_ackerman/joy_to_ackerman.py -> /home/aavjetson/Desktop/joy_teleop_ackerman/build/joy_teleop_ackerman/build/lib/joy_teleop_ackerman
[1.319s] running install
[1.319s] running install_lib
[1.320s] copying /home/aavjetson/Desktop/joy_teleop_ackerman/build/joy_teleop_ackerman/build/lib/joy_teleop_ackerman/joy_to_ackerman.py -> /home/aavjetson/Desktop/joy_teleop_ackerman/install/joy_teleop_ackerman/lib/python3.10/site-packages/joy_teleop_ackerman
[1.321s] byte-compiling /home/aavjetson/Desktop/joy_teleop_ackerman/install/joy_teleop_ackerman/lib/python3.10/site-packages/joy_teleop_ackerman/joy_to_ackerman.py to joy_to_ackerman.cpython-310.pyc
[1.322s] running install_data
[1.322s] running install_egg_info
[1.327s] removing '/home/aavjetson/Desktop/joy_teleop_ackerman/install/joy_teleop_ackerman/lib/python3.10/site-packages/joy_teleop_ackerman-0.0.0-py3.10.egg-info' (and everything under it)
[1.327s] Copying build/joy_teleop_ackerman/joy_teleop_ackerman.egg-info to /home/aavjetson/Desktop/joy_teleop_ackerman/install/joy_teleop_ackerman/lib/python3.10/site-packages/joy_teleop_ackerman-0.0.0-py3.10.egg-info
[1.329s] running install_scripts
[1.358s] Installing joy_to_ackermann script to /home/aavjetson/Desktop/joy_teleop_ackerman/install/joy_teleop_ackerman/lib/joy_teleop_ackerman
[1.359s] writing list of installed files to '/home/aavjetson/Desktop/joy_teleop_ackerman/build/joy_teleop_ackerman/install.log'
[1.418s] Invoked command in '/home/aavjetson/Desktop/joy_teleop_ackerman' returned '0': PYTHONPATH=/home/aavjetson/Desktop/joy_teleop_ackerman/build/joy_teleop_ackerman/prefix_override:/usr/lib/python3/dist-packages/colcon_core/task/python/colcon_distutils_commands:/home/aavjetson/Desktop/joy_teleop_ackerman/install/joy_teleop_ackerman/lib/python3.10/site-packages:${PYTHONPATH} /usr/bin/python3 -W ignore:setup.py install is deprecated -W ignore:easy_install command is deprecated setup.py egg_info --egg-base build/joy_teleop_ackerman build --build-base /home/aavjetson/Desktop/joy_teleop_ackerman/build/joy_teleop_ackerman/build install --record /home/aavjetson/Desktop/joy_teleop_ackerman/build/joy_teleop_ackerman/install.log --single-version-externally-managed install_data
