[0.934s] Invoking command in '/home/aavjetson/Desktop/joy_teleop_ackerman': PYTHONPATH=/home/aavjetson/Desktop/joy_teleop_ackerman/build/joy_teleop_ackerman/prefix_override:/usr/lib/python3/dist-packages/colcon_core/task/python/colcon_distutils_commands:/home/aavjetson/Desktop/joy_teleop_ackerman/install/joy_teleop_ackerman/lib/python3.10/site-packages:${PYTHONPATH} /usr/bin/python3 -W ignore:setup.py install is deprecated -W ignore:easy_install command is deprecated setup.py egg_info --egg-base build/joy_teleop_ackerman build --build-base /home/aavjetson/Desktop/joy_teleop_ackerman/build/joy_teleop_ackerman/build install --record /home/aavjetson/Desktop/joy_teleop_ackerman/build/joy_teleop_ackerman/install.log --single-version-externally-managed install_data
[1.281s] running egg_info
[1.282s] writing build/joy_teleop_ackerman/joy_teleop_ackerman.egg-info/PKG-INFO
[1.283s] writing dependency_links to build/joy_teleop_ackerman/joy_teleop_ackerman.egg-info/dependency_links.txt
[1.283s] writing entry points to build/joy_teleop_ackerman/joy_teleop_ackerman.egg-info/entry_points.txt
[1.283s] writing requirements to build/joy_teleop_ackerman/joy_teleop_ackerman.egg-info/requires.txt
[1.283s] writing top-level names to build/joy_teleop_ackerman/joy_teleop_ackerman.egg-info/top_level.txt
[1.286s] reading manifest file 'build/joy_teleop_ackerman/joy_teleop_ackerman.egg-info/SOURCES.txt'
[1.289s] writing manifest file 'build/joy_teleop_ackerman/joy_teleop_ackerman.egg-info/SOURCES.txt'
[1.290s] running build
[1.290s] running build_py
[1.290s] running install
[1.291s] running install_lib
[1.292s] running install_data
[1.292s] copying config/joy_params.yaml -> /home/aavjetson/Desktop/joy_teleop_ackerman/install/joy_teleop_ackerman/share/joy_teleop_ackerman/config
[1.293s] running install_egg_info
[1.297s] removing '/home/aavjetson/Desktop/joy_teleop_ackerman/install/joy_teleop_ackerman/lib/python3.10/site-packages/joy_teleop_ackerman-0.0.0-py3.10.egg-info' (and everything under it)
[1.297s] Copying build/joy_teleop_ackerman/joy_teleop_ackerman.egg-info to /home/aavjetson/Desktop/joy_teleop_ackerman/install/joy_teleop_ackerman/lib/python3.10/site-packages/joy_teleop_ackerman-0.0.0-py3.10.egg-info
[1.299s] running install_scripts
[1.329s] Installing joy_to_ackermann script to /home/aavjetson/Desktop/joy_teleop_ackerman/install/joy_teleop_ackerman/lib/joy_teleop_ackerman
[1.330s] writing list of installed files to '/home/aavjetson/Desktop/joy_teleop_ackerman/build/joy_teleop_ackerman/install.log'
[1.392s] Invoked command in '/home/aavjetson/Desktop/joy_teleop_ackerman' returned '0': PYTHONPATH=/home/aavjetson/Desktop/joy_teleop_ackerman/build/joy_teleop_ackerman/prefix_override:/usr/lib/python3/dist-packages/colcon_core/task/python/colcon_distutils_commands:/home/aavjetson/Desktop/joy_teleop_ackerman/install/joy_teleop_ackerman/lib/python3.10/site-packages:${PYTHONPATH} /usr/bin/python3 -W ignore:setup.py install is deprecated -W ignore:easy_install command is deprecated setup.py egg_info --egg-base build/joy_teleop_ackerman build --build-base /home/aavjetson/Desktop/joy_teleop_ackerman/build/joy_teleop_ackerman/build install --record /home/aavjetson/Desktop/joy_teleop_ackerman/build/joy_teleop_ackerman/install.log --single-version-externally-managed install_data
