running egg_info
creating build/joy_teleop_ackerman/joy_teleop_ackerman.egg-info
writing build/joy_teleop_ackerman/joy_teleop_ackerman.egg-info/PKG-INFO
writing dependency_links to build/joy_teleop_ackerman/joy_teleop_ackerman.egg-info/dependency_links.txt
writing entry points to build/joy_teleop_ackerman/joy_teleop_ackerman.egg-info/entry_points.txt
writing requirements to build/joy_teleop_ackerman/joy_teleop_ackerman.egg-info/requires.txt
writing top-level names to build/joy_teleop_ackerman/joy_teleop_ackerman.egg-info/top_level.txt
writing manifest file 'build/joy_teleop_ackerman/joy_teleop_ackerman.egg-info/SOURCES.txt'
reading manifest file 'build/joy_teleop_ackerman/joy_teleop_ackerman.egg-info/SOURCES.txt'
writing manifest file 'build/joy_teleop_ackerman/joy_teleop_ackerman.egg-info/SOURCES.txt'
running build
running build_py
creating /home/aavjetson/Desktop/joy_teleop_ackerman/build/joy_teleop_ackerman/build
creating /home/aavjetson/Desktop/joy_teleop_ackerman/build/joy_teleop_ackerman/build/lib
creating /home/aavjetson/Desktop/joy_teleop_ackerman/build/joy_teleop_ackerman/build/lib/joy_teleop_ackerman
copying joy_teleop_ackerman/joy_to_ackerman.py -> /home/aavjetson/Desktop/joy_teleop_ackerman/build/joy_teleop_ackerman/build/lib/joy_teleop_ackerman
copying joy_teleop_ackerman/__init__.py -> /home/aavjetson/Desktop/joy_teleop_ackerman/build/joy_teleop_ackerman/build/lib/joy_teleop_ackerman
running install
running install_lib
creating /home/aavjetson/Desktop/joy_teleop_ackerman/install/joy_teleop_ackerman/lib/python3.10/site-packages/joy_teleop_ackerman
copying /home/aavjetson/Desktop/joy_teleop_ackerman/build/joy_teleop_ackerman/build/lib/joy_teleop_ackerman/joy_to_ackerman.py -> /home/aavjetson/Desktop/joy_teleop_ackerman/install/joy_teleop_ackerman/lib/python3.10/site-packages/joy_teleop_ackerman
copying /home/aavjetson/Desktop/joy_teleop_ackerman/build/joy_teleop_ackerman/build/lib/joy_teleop_ackerman/__init__.py -> /home/aavjetson/Desktop/joy_teleop_ackerman/install/joy_teleop_ackerman/lib/python3.10/site-packages/joy_teleop_ackerman
byte-compiling /home/aavjetson/Desktop/joy_teleop_ackerman/install/joy_teleop_ackerman/lib/python3.10/site-packages/joy_teleop_ackerman/joy_to_ackerman.py to joy_to_ackerman.cpython-310.pyc
byte-compiling /home/aavjetson/Desktop/joy_teleop_ackerman/install/joy_teleop_ackerman/lib/python3.10/site-packages/joy_teleop_ackerman/__init__.py to __init__.cpython-310.pyc
running install_data
creating /home/aavjetson/Desktop/joy_teleop_ackerman/install/joy_teleop_ackerman/share/ament_index
creating /home/aavjetson/Desktop/joy_teleop_ackerman/install/joy_teleop_ackerman/share/ament_index/resource_index
creating /home/aavjetson/Desktop/joy_teleop_ackerman/install/joy_teleop_ackerman/share/ament_index/resource_index/packages
copying resource/joy_teleop_ackerman -> /home/aavjetson/Desktop/joy_teleop_ackerman/install/joy_teleop_ackerman/share/ament_index/resource_index/packages
copying package.xml -> /home/aavjetson/Desktop/joy_teleop_ackerman/install/joy_teleop_ackerman/share/joy_teleop_ackerman
creating /home/aavjetson/Desktop/joy_teleop_ackerman/install/joy_teleop_ackerman/share/joy_teleop_ackerman/launch
copying launch/joy_teleop.launch.py -> /home/aavjetson/Desktop/joy_teleop_ackerman/install/joy_teleop_ackerman/share/joy_teleop_ackerman/launch
creating /home/aavjetson/Desktop/joy_teleop_ackerman/install/joy_teleop_ackerman/share/joy_teleop_ackerman/config
copying config/joy_params.yaml -> /home/aavjetson/Desktop/joy_teleop_ackerman/install/joy_teleop_ackerman/share/joy_teleop_ackerman/config
running install_egg_info
Copying build/joy_teleop_ackerman/joy_teleop_ackerman.egg-info to /home/aavjetson/Desktop/joy_teleop_ackerman/install/joy_teleop_ackerman/lib/python3.10/site-packages/joy_teleop_ackerman-0.0.0-py3.10.egg-info
running install_scripts
Installing joy_to_ackermann script to /home/aavjetson/Desktop/joy_teleop_ackerman/install/joy_teleop_ackerman/lib/joy_teleop_ackerman
writing list of installed files to '/home/aavjetson/Desktop/joy_teleop_ackerman/build/joy_teleop_ackerman/install.log'
