[0.155s] DEBUG:colcon:Command line arguments: ['/usr/bin/colcon', 'build']
[0.155s] DEBUG:colcon:Parsed command line arguments: Namespace(log_base=None, log_level=None, verb_name='build', build_base='build', install_base='install', merge_install=False, symlink_install=False, test_result_base=None, continue_on_error=False, executor='parallel', parallel_workers=12, event_handlers=None, ignore_user_meta=False, metas=['./colcon.meta'], base_paths=['.'], packages_ignore=None, packages_ignore_regex=None, paths=None, packages_up_to=None, packages_up_to_regex=None, packages_above=None, packages_above_and_dependencies=None, packages_above_depth=None, packages_select_by_dep=None, packages_skip_by_dep=None, packages_skip_up_to=None, packages_select_build_failed=False, packages_skip_build_finished=False, packages_select_test_failures=False, packages_skip_test_passed=False, packages_select=None, packages_skip=None, packages_select_regex=None, packages_skip_regex=None, packages_start=None, packages_end=None, allow_overriding=[], cmake_args=None, cmake_target=None, cmake_target_skip_unavailable=False, cmake_clean_cache=False, cmake_clean_first=False, cmake_force_configure=False, ament_cmake_args=None, catkin_cmake_args=None, catkin_skip_building_tests=False, verb_parser=<colcon_defaults.argument_parser.defaults.DefaultArgumentsDecorator object at 0xffff8aa4b1c0>, verb_extension=<colcon_core.verb.build.BuildVerb object at 0xffff8aa4ac50>, main=<bound method BuildVerb.main of <colcon_core.verb.build.BuildVerb object at 0xffff8aa4ac50>>)
[0.390s] Level 1:colcon.colcon_core.package_discovery:discover_packages(colcon_meta) check parameters
[0.390s] Level 1:colcon.colcon_core.package_discovery:discover_packages(recursive) check parameters
[0.390s] Level 1:colcon.colcon_core.package_discovery:discover_packages(ignore) check parameters
[0.390s] Level 1:colcon.colcon_core.package_discovery:discover_packages(path) check parameters
[0.390s] Level 1:colcon.colcon_core.package_discovery:discover_packages(colcon_meta) discover
[0.390s] Level 1:colcon.colcon_core.package_discovery:discover_packages(recursive) discover
[0.390s] INFO:colcon.colcon_core.package_discovery:Crawling recursively for packages in '/home/aavjetson/Desktop/joy_teleop_ackerman'
[0.391s] Level 1:colcon.colcon_core.package_identification:_identify(.) by extensions ['ignore', 'ignore_ament_install']
[0.391s] Level 1:colcon.colcon_core.package_identification:_identify(.) by extension 'ignore'
[0.391s] Level 1:colcon.colcon_core.package_identification:_identify(.) by extension 'ignore_ament_install'
[0.391s] Level 1:colcon.colcon_core.package_identification:_identify(.) by extensions ['colcon_pkg']
[0.391s] Level 1:colcon.colcon_core.package_identification:_identify(.) by extension 'colcon_pkg'
[0.391s] Level 1:colcon.colcon_core.package_identification:_identify(.) by extensions ['colcon_meta']
[0.391s] Level 1:colcon.colcon_core.package_identification:_identify(.) by extension 'colcon_meta'
[0.391s] Level 1:colcon.colcon_core.package_identification:_identify(.) by extensions ['ros']
[0.391s] Level 1:colcon.colcon_core.package_identification:_identify(.) by extension 'ros'
[0.411s] DEBUG:colcon.colcon_core.package_identification:Package '.' with type 'ros.ament_python' and name 'joy_teleop_ackerman'
[0.412s] Level 1:colcon.colcon_core.package_discovery:discover_packages(recursive) using defaults
[0.412s] Level 1:colcon.colcon_core.package_discovery:discover_packages(ignore) discover
[0.412s] Level 1:colcon.colcon_core.package_discovery:discover_packages(ignore) using defaults
[0.412s] Level 1:colcon.colcon_core.package_discovery:discover_packages(path) discover
[0.412s] Level 1:colcon.colcon_core.package_discovery:discover_packages(path) using defaults
[0.440s] Level 1:colcon.colcon_core.package_discovery:discover_packages(prefix_path) check parameters
[0.440s] Level 1:colcon.colcon_core.package_discovery:discover_packages(prefix_path) discover
[0.444s] DEBUG:colcon.colcon_installed_package_information.package_discovery:Found 1 installed packages in /home/aavjetson/Desktop/joy_teleop_ackerman/install
[0.446s] DEBUG:colcon.colcon_installed_package_information.package_discovery:Found 283 installed packages in /opt/ros/humble
[0.472s] Level 1:colcon.colcon_core.package_discovery:discover_packages(prefix_path) using defaults
[0.526s] Level 5:colcon.colcon_core.verb:set package 'joy_teleop_ackerman' build argument 'cmake_args' from command line to 'None'
[0.526s] Level 5:colcon.colcon_core.verb:set package 'joy_teleop_ackerman' build argument 'cmake_target' from command line to 'None'
[0.526s] Level 5:colcon.colcon_core.verb:set package 'joy_teleop_ackerman' build argument 'cmake_target_skip_unavailable' from command line to 'False'
[0.526s] Level 5:colcon.colcon_core.verb:set package 'joy_teleop_ackerman' build argument 'cmake_clean_cache' from command line to 'False'
[0.526s] Level 5:colcon.colcon_core.verb:set package 'joy_teleop_ackerman' build argument 'cmake_clean_first' from command line to 'False'
[0.526s] Level 5:colcon.colcon_core.verb:set package 'joy_teleop_ackerman' build argument 'cmake_force_configure' from command line to 'False'
[0.526s] Level 5:colcon.colcon_core.verb:set package 'joy_teleop_ackerman' build argument 'ament_cmake_args' from command line to 'None'
[0.526s] Level 5:colcon.colcon_core.verb:set package 'joy_teleop_ackerman' build argument 'catkin_cmake_args' from command line to 'None'
[0.527s] Level 5:colcon.colcon_core.verb:set package 'joy_teleop_ackerman' build argument 'catkin_skip_building_tests' from command line to 'False'
[0.527s] DEBUG:colcon.colcon_core.verb:Building package 'joy_teleop_ackerman' with the following arguments: {'ament_cmake_args': None, 'build_base': '/home/aavjetson/Desktop/joy_teleop_ackerman/build/joy_teleop_ackerman', 'catkin_cmake_args': None, 'catkin_skip_building_tests': False, 'cmake_args': None, 'cmake_clean_cache': False, 'cmake_clean_first': False, 'cmake_force_configure': False, 'cmake_target': None, 'cmake_target_skip_unavailable': False, 'install_base': '/home/aavjetson/Desktop/joy_teleop_ackerman/install/joy_teleop_ackerman', 'merge_install': False, 'path': '/home/aavjetson/Desktop/joy_teleop_ackerman', 'symlink_install': False, 'test_result_base': None}
[0.527s] INFO:colcon.colcon_core.executor:Executing jobs using 'parallel' executor
[0.529s] DEBUG:colcon.colcon_parallel_executor.executor.parallel:run_until_complete
[0.529s] INFO:colcon.colcon_ros.task.ament_python.build:Building ROS package in '/home/aavjetson/Desktop/joy_teleop_ackerman' with build type 'ament_python'
[0.529s] Level 1:colcon.colcon_core.shell:create_environment_hook('joy_teleop_ackerman', 'ament_prefix_path')
[0.533s] INFO:colcon.colcon_core.plugin_system:Skipping extension 'colcon_core.shell.bat': Not used on non-Windows systems
[0.533s] INFO:colcon.colcon_core.shell:Creating environment hook '/home/aavjetson/Desktop/joy_teleop_ackerman/install/joy_teleop_ackerman/share/joy_teleop_ackerman/hook/ament_prefix_path.ps1'
[0.534s] INFO:colcon.colcon_core.shell:Creating environment descriptor '/home/aavjetson/Desktop/joy_teleop_ackerman/install/joy_teleop_ackerman/share/joy_teleop_ackerman/hook/ament_prefix_path.dsv'
[0.535s] INFO:colcon.colcon_core.shell:Creating environment hook '/home/aavjetson/Desktop/joy_teleop_ackerman/install/joy_teleop_ackerman/share/joy_teleop_ackerman/hook/ament_prefix_path.sh'
[0.536s] INFO:colcon.colcon_core.shell:Skip shell extension 'powershell' for command environment: Not usable outside of PowerShell
[0.536s] DEBUG:colcon.colcon_core.shell:Skip shell extension 'dsv' for command environment
[0.950s] INFO:colcon.colcon_core.task.python.build:Building Python package in '/home/aavjetson/Desktop/joy_teleop_ackerman'
[0.950s] INFO:colcon.colcon_core.shell:Skip shell extension 'powershell' for command environment: Not usable outside of PowerShell
[0.950s] DEBUG:colcon.colcon_core.shell:Skip shell extension 'dsv' for command environment
[1.472s] DEBUG:colcon.colcon_core.event_handler.log_command:Invoking command in '/home/aavjetson/Desktop/joy_teleop_ackerman': PYTHONPATH=/home/aavjetson/Desktop/joy_teleop_ackerman/build/joy_teleop_ackerman/prefix_override:/usr/lib/python3/dist-packages/colcon_core/task/python/colcon_distutils_commands:/home/aavjetson/Desktop/joy_teleop_ackerman/install/joy_teleop_ackerman/lib/python3.10/site-packages:${PYTHONPATH} /usr/bin/python3 -W ignore:setup.py install is deprecated -W ignore:easy_install command is deprecated setup.py egg_info --egg-base build/joy_teleop_ackerman build --build-base /home/aavjetson/Desktop/joy_teleop_ackerman/build/joy_teleop_ackerman/build install --record /home/aavjetson/Desktop/joy_teleop_ackerman/build/joy_teleop_ackerman/install.log --single-version-externally-managed install_data
[1.922s] DEBUG:colcon.colcon_core.event_handler.log_command:Invoked command in '/home/aavjetson/Desktop/joy_teleop_ackerman' returned '0': PYTHONPATH=/home/aavjetson/Desktop/joy_teleop_ackerman/build/joy_teleop_ackerman/prefix_override:/usr/lib/python3/dist-packages/colcon_core/task/python/colcon_distutils_commands:/home/aavjetson/Desktop/joy_teleop_ackerman/install/joy_teleop_ackerman/lib/python3.10/site-packages:${PYTHONPATH} /usr/bin/python3 -W ignore:setup.py install is deprecated -W ignore:easy_install command is deprecated setup.py egg_info --egg-base build/joy_teleop_ackerman build --build-base /home/aavjetson/Desktop/joy_teleop_ackerman/build/joy_teleop_ackerman/build install --record /home/aavjetson/Desktop/joy_teleop_ackerman/build/joy_teleop_ackerman/install.log --single-version-externally-managed install_data
[1.931s] Level 1:colcon.colcon_core.environment:checking '/home/aavjetson/Desktop/joy_teleop_ackerman/install/joy_teleop_ackerman' for CMake module files
[1.932s] Level 1:colcon.colcon_core.environment:checking '/home/aavjetson/Desktop/joy_teleop_ackerman/install/joy_teleop_ackerman' for CMake config files
[1.936s] Level 1:colcon.colcon_core.environment:checking '/home/aavjetson/Desktop/joy_teleop_ackerman/install/joy_teleop_ackerman/lib'
[1.937s] Level 1:colcon.colcon_core.environment:checking '/home/aavjetson/Desktop/joy_teleop_ackerman/install/joy_teleop_ackerman/bin'
[1.937s] Level 1:colcon.colcon_core.environment:checking '/home/aavjetson/Desktop/joy_teleop_ackerman/install/joy_teleop_ackerman/lib/pkgconfig/joy_teleop_ackerman.pc'
[1.938s] Level 1:colcon.colcon_core.environment:checking '/home/aavjetson/Desktop/joy_teleop_ackerman/install/joy_teleop_ackerman/lib/python3.10/site-packages'
[1.938s] Level 1:colcon.colcon_core.shell:create_environment_hook('joy_teleop_ackerman', 'pythonpath')
[1.939s] INFO:colcon.colcon_core.shell:Creating environment hook '/home/aavjetson/Desktop/joy_teleop_ackerman/install/joy_teleop_ackerman/share/joy_teleop_ackerman/hook/pythonpath.ps1'
[1.942s] INFO:colcon.colcon_core.shell:Creating environment descriptor '/home/aavjetson/Desktop/joy_teleop_ackerman/install/joy_teleop_ackerman/share/joy_teleop_ackerman/hook/pythonpath.dsv'
[1.943s] INFO:colcon.colcon_core.shell:Creating environment hook '/home/aavjetson/Desktop/joy_teleop_ackerman/install/joy_teleop_ackerman/share/joy_teleop_ackerman/hook/pythonpath.sh'
[1.946s] Level 1:colcon.colcon_core.environment:checking '/home/aavjetson/Desktop/joy_teleop_ackerman/install/joy_teleop_ackerman/bin'
[1.947s] Level 1:colcon.colcon_core.environment:create_environment_scripts_only(joy_teleop_ackerman)
[1.948s] INFO:colcon.colcon_core.shell:Creating package script '/home/aavjetson/Desktop/joy_teleop_ackerman/install/joy_teleop_ackerman/share/joy_teleop_ackerman/package.ps1'
[1.951s] INFO:colcon.colcon_core.shell:Creating package descriptor '/home/aavjetson/Desktop/joy_teleop_ackerman/install/joy_teleop_ackerman/share/joy_teleop_ackerman/package.dsv'
[1.954s] INFO:colcon.colcon_core.shell:Creating package script '/home/aavjetson/Desktop/joy_teleop_ackerman/install/joy_teleop_ackerman/share/joy_teleop_ackerman/package.sh'
[1.957s] INFO:colcon.colcon_core.shell:Creating package script '/home/aavjetson/Desktop/joy_teleop_ackerman/install/joy_teleop_ackerman/share/joy_teleop_ackerman/package.bash'
[1.960s] INFO:colcon.colcon_core.shell:Creating package script '/home/aavjetson/Desktop/joy_teleop_ackerman/install/joy_teleop_ackerman/share/joy_teleop_ackerman/package.zsh'
[1.964s] Level 1:colcon.colcon_core.environment:create_file_with_runtime_dependencies(/home/aavjetson/Desktop/joy_teleop_ackerman/install/joy_teleop_ackerman/share/colcon-core/packages/joy_teleop_ackerman)
[1.965s] DEBUG:colcon.colcon_parallel_executor.executor.parallel:closing loop
[1.966s] DEBUG:colcon.colcon_parallel_executor.executor.parallel:loop closed
[1.966s] DEBUG:colcon.colcon_parallel_executor.executor.parallel:run_until_complete finished with '0'
[1.966s] DEBUG:colcon.colcon_core.event_reactor:joining thread
[1.983s] INFO:colcon.colcon_core.plugin_system:Skipping extension 'colcon_notification.desktop_notification.terminal_notifier': Not used on non-Darwin systems
[1.984s] INFO:colcon.colcon_core.plugin_system:Skipping extension 'colcon_notification.desktop_notification.win32': Not used on non-Windows systems
[1.984s] INFO:colcon.colcon_notification.desktop_notification:Sending desktop notification using 'notify2'
[2.017s] DEBUG:colcon.colcon_core.event_reactor:joined thread
[2.019s] INFO:colcon.colcon_core.shell:Creating prefix script '/home/aavjetson/Desktop/joy_teleop_ackerman/install/local_setup.ps1'
[2.022s] INFO:colcon.colcon_core.shell:Creating prefix util module '/home/aavjetson/Desktop/joy_teleop_ackerman/install/_local_setup_util_ps1.py'
[2.024s] INFO:colcon.colcon_core.shell:Creating prefix chain script '/home/aavjetson/Desktop/joy_teleop_ackerman/install/setup.ps1'
[2.027s] INFO:colcon.colcon_core.shell:Creating prefix script '/home/aavjetson/Desktop/joy_teleop_ackerman/install/local_setup.sh'
[2.028s] INFO:colcon.colcon_core.shell:Creating prefix util module '/home/aavjetson/Desktop/joy_teleop_ackerman/install/_local_setup_util_sh.py'
[2.032s] INFO:colcon.colcon_core.shell:Creating prefix chain script '/home/aavjetson/Desktop/joy_teleop_ackerman/install/setup.sh'
[2.036s] INFO:colcon.colcon_core.shell:Creating prefix script '/home/aavjetson/Desktop/joy_teleop_ackerman/install/local_setup.bash'
[2.037s] INFO:colcon.colcon_core.shell:Creating prefix chain script '/home/aavjetson/Desktop/joy_teleop_ackerman/install/setup.bash'
[2.041s] INFO:colcon.colcon_core.shell:Creating prefix script '/home/aavjetson/Desktop/joy_teleop_ackerman/install/local_setup.zsh'
[2.043s] INFO:colcon.colcon_core.shell:Creating prefix chain script '/home/aavjetson/Desktop/joy_teleop_ackerman/install/setup.zsh'
